<?xml version="1.0" encoding="UTF-8"?>
<testsuite xmlns:xsi="http://www.w3.org/2001/XMLSchema-instance" xsi:noNamespaceSchemaLocation="https://maven.apache.org/surefire/maven-surefire-plugin/xsd/surefire-test-report-3.0.xsd" version="3.0" name="gr.hua.dit.ds.dsproject.DsprojectApplicationTests" time="14.156" tests="1" errors="0" skipped="0" failures="0">
  <properties>
    <property name="java.specification.version" value="21"/>
    <property name="sun.jnu.encoding" value="UTF-8"/>
    <property name="java.class.path" value="/home/karatziask/code/semester_5/distributed_systems/project1/DS-Project/target/test-classes:/home/karatziask/code/semester_5/distributed_systems/project1/DS-Project/target/classes:/home/karatziask/.m2/repository/org/springframework/boot/spring-boot-starter-thymeleaf/3.3.7/spring-boot-starter-thymeleaf-3.3.7.jar:/home/karatziask/.m2/repository/org/springframework/boot/spring-boot-starter/3.3.7/spring-boot-starter-3.3.7.jar:/home/karatziask/.m2/repository/org/springframework/boot/spring-boot-starter-logging/3.3.7/spring-boot-starter-logging-3.3.7.jar:/home/karatziask/.m2/repository/ch/qos/logback/logback-classic/1.5.12/logback-classic-1.5.12.jar:/home/karatziask/.m2/repository/ch/qos/logback/logback-core/1.5.12/logback-core-1.5.12.jar:/home/karatziask/.m2/repository/org/apache/logging/log4j/log4j-to-slf4j/2.23.1/log4j-to-slf4j-2.23.1.jar:/home/karatziask/.m2/repository/org/apache/logging/log4j/log4j-api/2.23.1/log4j-api-2.23.1.jar:/home/karatziask/.m2/repository/org/slf4j/jul-to-slf4j/2.0.16/jul-to-slf4j-2.0.16.jar:/home/karatziask/.m2/repository/jakarta/annotation/jakarta.annotation-api/2.1.1/jakarta.annotation-api-2.1.1.jar:/home/karatziask/.m2/repository/org/yaml/snakeyaml/2.2/snakeyaml-2.2.jar:/home/karatziask/.m2/repository/org/thymeleaf/thymeleaf-spring6/3.1.3.RELEASE/thymeleaf-spring6-3.1.3.RELEASE.jar:/home/karatziask/.m2/repository/org/springframework/boot/spring-boot-starter-web/3.3.7/spring-boot-starter-web-3.3.7.jar:/home/karatziask/.m2/repository/org/springframework/boot/spring-boot-starter-json/3.3.7/spring-boot-starter-json-3.3.7.jar:/home/karatziask/.m2/repository/com/fasterxml/jackson/core/jackson-databind/2.17.3/jackson-databind-2.17.3.jar:/home/karatziask/.m2/repository/com/fasterxml/jackson/core/jackson-annotations/2.17.3/jackson-annotations-2.17.3.jar:/home/karatziask/.m2/repository/com/fasterxml/jackson/core/jackson-core/2.17.3/jackson-core-2.17.3.jar:/home/karatziask/.m2/repository/com/fasterxml/jackson/datatype/jackson-datatype-jdk8/2.17.3/jackson-datatype-jdk8-2.17.3.jar:/home/karatziask/.m2/repository/com/fasterxml/jackson/datatype/jackson-datatype-jsr310/2.17.3/jackson-datatype-jsr310-2.17.3.jar:/home/karatziask/.m2/repository/com/fasterxml/jackson/module/jackson-module-parameter-names/2.17.3/jackson-module-parameter-names-2.17.3.jar:/home/karatziask/.m2/repository/org/springframework/boot/spring-boot-starter-tomcat/3.3.7/spring-boot-starter-tomcat-3.3.7.jar:/home/karatziask/.m2/repository/org/apache/tomcat/embed/tomcat-embed-core/10.1.34/tomcat-embed-core-10.1.34.jar:/home/karatziask/.m2/repository/org/apache/tomcat/embed/tomcat-embed-websocket/10.1.34/tomcat-embed-websocket-10.1.34.jar:/home/karatziask/.m2/repository/org/springframework/spring-web/6.1.16/spring-web-6.1.16.jar:/home/karatziask/.m2/repository/org/springframework/spring-beans/6.1.16/spring-beans-6.1.16.jar:/home/karatziask/.m2/repository/io/micrometer/micrometer-observation/1.13.9/micrometer-observation-1.13.9.jar:/home/karatziask/.m2/repository/io/micrometer/micrometer-commons/1.13.9/micrometer-commons-1.13.9.jar:/home/karatziask/.m2/repository/org/springframework/spring-webmvc/6.1.16/spring-webmvc-6.1.16.jar:/home/karatziask/.m2/repository/org/springframework/spring-context/6.1.16/spring-context-6.1.16.jar:/home/karatziask/.m2/repository/org/springframework/spring-expression/6.1.16/spring-expression-6.1.16.jar:/home/karatziask/.m2/repository/org/springframework/boot/spring-boot-starter-security/3.3.7/spring-boot-starter-security-3.3.7.jar:/home/karatziask/.m2/repository/org/springframework/spring-aop/6.1.16/spring-aop-6.1.16.jar:/home/karatziask/.m2/repository/org/springframework/security/spring-security-config/6.3.6/spring-security-config-6.3.6.jar:/home/karatziask/.m2/repository/org/springframework/security/spring-security-core/6.3.6/spring-security-core-6.3.6.jar:/home/karatziask/.m2/repository/org/springframework/security/spring-security-crypto/6.3.6/spring-security-crypto-6.3.6.jar:/home/karatziask/.m2/repository/org/springframework/security/spring-security-web/6.3.6/spring-security-web-6.3.6.jar:/home/karatziask/.m2/repository/org/thymeleaf/extras/thymeleaf-extras-springsecurity6/3.1.3.RELEASE/thymeleaf-extras-springsecurity6-3.1.3.RELEASE.jar:/home/karatziask/.m2/repository/org/slf4j/slf4j-api/2.0.16/slf4j-api-2.0.16.jar:/home/karatziask/.m2/repository/org/springframework/boot/spring-boot-starter-validation/3.3.7/spring-boot-starter-validation-3.3.7.jar:/home/karatziask/.m2/repository/org/apache/tomcat/embed/tomcat-embed-el/10.1.34/tomcat-embed-el-10.1.34.jar:/home/karatziask/.m2/repository/org/hibernate/validator/hibernate-validator/8.0.2.Final/hibernate-validator-8.0.2.Final.jar:/home/karatziask/.m2/repository/jakarta/validation/jakarta.validation-api/3.0.2/jakarta.validation-api-3.0.2.jar:/home/karatziask/.m2/repository/org/jboss/logging/jboss-logging/3.5.3.Final/jboss-logging-3.5.3.Final.jar:/home/karatziask/.m2/repository/com/fasterxml/classmate/1.7.0/classmate-1.7.0.jar:/home/karatziask/.m2/repository/org/springframework/boot/spring-boot-devtools/3.3.7/spring-boot-devtools-3.3.7.jar:/home/karatziask/.m2/repository/org/springframework/boot/spring-boot/3.3.7/spring-boot-3.3.7.jar:/home/karatziask/.m2/repository/org/springframework/boot/spring-boot-autoconfigure/3.3.7/spring-boot-autoconfigure-3.3.7.jar:/home/karatziask/.m2/repository/org/springframework/boot/spring-boot-starter-test/3.3.7/spring-boot-starter-test-3.3.7.jar:/home/karatziask/.m2/repository/org/springframework/boot/spring-boot-test/3.3.7/spring-boot-test-3.3.7.jar:/home/karatziask/.m2/repository/org/springframework/boot/spring-boot-test-autoconfigure/3.3.7/spring-boot-test-autoconfigure-3.3.7.jar:/home/karatziask/.m2/repository/com/jayway/jsonpath/json-path/2.9.0/json-path-2.9.0.jar:/home/karatziask/.m2/repository/jakarta/xml/bind/jakarta.xml.bind-api/4.0.2/jakarta.xml.bind-api-4.0.2.jar:/home/karatziask/.m2/repository/jakarta/activation/jakarta.activation-api/2.1.3/jakarta.activation-api-2.1.3.jar:/home/karatziask/.m2/repository/net/minidev/json-smart/2.5.1/json-smart-2.5.1.jar:/home/karatziask/.m2/repository/net/minidev/accessors-smart/2.5.1/accessors-smart-2.5.1.jar:/home/karatziask/.m2/repository/org/ow2/asm/asm/9.6/asm-9.6.jar:/home/karatziask/.m2/repository/org/assertj/assertj-core/3.25.3/assertj-core-3.25.3.jar:/home/karatziask/.m2/repository/net/bytebuddy/byte-buddy/1.14.19/byte-buddy-1.14.19.jar:/home/karatziask/.m2/repository/org/awaitility/awaitility/4.2.2/awaitility-4.2.2.jar:/home/karatziask/.m2/repository/org/hamcrest/hamcrest/2.2/hamcrest-2.2.jar:/home/karatziask/.m2/repository/org/junit/jupiter/junit-jupiter/5.10.5/junit-jupiter-5.10.5.jar:/home/karatziask/.m2/repository/org/junit/jupiter/junit-jupiter-api/5.10.5/junit-jupiter-api-5.10.5.jar:/home/karatziask/.m2/repository/org/opentest4j/opentest4j/1.3.0/opentest4j-1.3.0.jar:/home/karatziask/.m2/repository/org/junit/platform/junit-platform-commons/1.10.5/junit-platform-commons-1.10.5.jar:/home/karatziask/.m2/repository/org/apiguardian/apiguardian-api/1.1.2/apiguardian-api-1.1.2.jar:/home/karatziask/.m2/repository/org/junit/jupiter/junit-jupiter-params/5.10.5/junit-jupiter-params-5.10.5.jar:/home/karatziask/.m2/repository/org/junit/jupiter/junit-jupiter-engine/5.10.5/junit-jupiter-engine-5.10.5.jar:/home/karatziask/.m2/repository/org/junit/platform/junit-platform-engine/1.10.5/junit-platform-engine-1.10.5.jar:/home/karatziask/.m2/repository/org/mockito/mockito-core/5.11.0/mockito-core-5.11.0.jar:/home/karatziask/.m2/repository/net/bytebuddy/byte-buddy-agent/1.14.19/byte-buddy-agent-1.14.19.jar:/home/karatziask/.m2/repository/org/objenesis/objenesis/3.3/objenesis-3.3.jar:/home/karatziask/.m2/repository/org/mockito/mockito-junit-jupiter/5.11.0/mockito-junit-jupiter-5.11.0.jar:/home/karatziask/.m2/repository/org/skyscreamer/jsonassert/1.5.3/jsonassert-1.5.3.jar:/home/karatziask/.m2/repository/com/vaadin/external/google/android-json/0.0.20131108.vaadin1/android-json-0.0.20131108.vaadin1.jar:/home/karatziask/.m2/repository/org/springframework/spring-core/6.1.16/spring-core-6.1.16.jar:/home/karatziask/.m2/repository/org/springframework/spring-jcl/6.1.16/spring-jcl-6.1.16.jar:/home/karatziask/.m2/repository/org/springframework/spring-test/6.1.16/spring-test-6.1.16.jar:/home/karatziask/.m2/repository/org/xmlunit/xmlunit-core/2.9.1/xmlunit-core-2.9.1.jar:/home/karatziask/.m2/repository/org/springframework/boot/spring-boot-starter-data-jpa/3.3.7/spring-boot-starter-data-jpa-3.3.7.jar:/home/karatziask/.m2/repository/org/springframework/boot/spring-boot-starter-aop/3.3.7/spring-boot-starter-aop-3.3.7.jar:/home/karatziask/.m2/repository/org/aspectj/aspectjweaver/1.9.22.1/aspectjweaver-1.9.22.1.jar:/home/karatziask/.m2/repository/org/springframework/boot/spring-boot-starter-jdbc/3.3.7/spring-boot-starter-jdbc-3.3.7.jar:/home/karatziask/.m2/repository/com/zaxxer/HikariCP/5.1.0/HikariCP-5.1.0.jar:/home/karatziask/.m2/repository/org/springframework/spring-jdbc/6.1.16/spring-jdbc-6.1.16.jar:/home/karatziask/.m2/repository/org/hibernate/orm/hibernate-core/6.5.3.Final/hibernate-core-6.5.3.Final.jar:/home/karatziask/.m2/repository/jakarta/persistence/jakarta.persistence-api/3.1.0/jakarta.persistence-api-3.1.0.jar:/home/karatziask/.m2/repository/jakarta/transaction/jakarta.transaction-api/2.0.1/jakarta.transaction-api-2.0.1.jar:/home/karatziask/.m2/repository/org/hibernate/common/hibernate-commons-annotations/6.0.6.Final/hibernate-commons-annotations-6.0.6.Final.jar:/home/karatziask/.m2/repository/io/smallrye/jandex/3.1.2/jandex-3.1.2.jar:/home/karatziask/.m2/repository/org/glassfish/jaxb/jaxb-runtime/4.0.5/jaxb-runtime-4.0.5.jar:/home/karatziask/.m2/repository/org/glassfish/jaxb/jaxb-core/4.0.5/jaxb-core-4.0.5.jar:/home/karatziask/.m2/repository/org/eclipse/angus/angus-activation/2.0.2/angus-activation-2.0.2.jar:/home/karatziask/.m2/repository/org/glassfish/jaxb/txw2/4.0.5/txw2-4.0.5.jar:/home/karatziask/.m2/repository/com/sun/istack/istack-commons-runtime/4.1.2/istack-commons-runtime-4.1.2.jar:/home/karatziask/.m2/repository/jakarta/inject/jakarta.inject-api/2.0.1/jakarta.inject-api-2.0.1.jar:/home/karatziask/.m2/repository/org/antlr/antlr4-runtime/4.13.0/antlr4-runtime-4.13.0.jar:/home/karatziask/.m2/repository/org/springframework/data/spring-data-jpa/3.3.7/spring-data-jpa-3.3.7.jar:/home/karatziask/.m2/repository/org/springframework/data/spring-data-commons/3.3.7/spring-data-commons-3.3.7.jar:/home/karatziask/.m2/repository/org/springframework/spring-orm/6.1.16/spring-orm-6.1.16.jar:/home/karatziask/.m2/repository/org/springframework/spring-tx/6.1.16/spring-tx-6.1.16.jar:/home/karatziask/.m2/repository/org/springframework/spring-aspects/6.1.16/spring-aspects-6.1.16.jar:/home/karatziask/.m2/repository/org/postgresql/postgresql/42.7.4/postgresql-42.7.4.jar:/home/karatziask/.m2/repository/org/checkerframework/checker-qual/3.42.0/checker-qual-3.42.0.jar:/home/karatziask/.m2/repository/nz/net/ultraq/thymeleaf/thymeleaf-layout-dialect/3.3.0/thymeleaf-layout-dialect-3.3.0.jar:/home/karatziask/.m2/repository/org/apache/groovy/groovy/4.0.24/groovy-4.0.24.jar:/home/karatziask/.m2/repository/nz/net/ultraq/groovy/groovy-extensions/2.1.0/groovy-extensions-2.1.0.jar:/home/karatziask/.m2/repository/nz/net/ultraq/thymeleaf/thymeleaf-expression-processor/3.2.0/thymeleaf-expression-processor-3.2.0.jar:/home/karatziask/.m2/repository/org/thymeleaf/thymeleaf/3.1.3.RELEASE/thymeleaf-3.1.3.RELEASE.jar:/home/karatziask/.m2/repository/ognl/ognl/3.3.4/ognl-3.3.4.jar:/home/karatziask/.m2/repository/org/javassist/javassist/3.29.0-GA/javassist-3.29.0-GA.jar:/home/karatziask/.m2/repository/org/attoparser/attoparser/2.0.7.RELEASE/attoparser-2.0.7.RELEASE.jar:/home/karatziask/.m2/repository/org/unbescape/unbescape/1.1.6.RELEASE/unbescape-1.1.6.RELEASE.jar:"/>
    <property name="java.vm.vendor" value="Ubuntu"/>
    <property name="sun.arch.data.model" value="64"/>
    <property name="java.vendor.url" value="https://ubuntu.com/"/>
    <property name="user.timezone" value="Asia/Nicosia"/>
    <property name="org.jboss.logging.provider" value="slf4j"/>
    <property name="os.name" value="Linux"/>
    <property name="java.vm.specification.version" value="21"/>
    <property name="sun.java.launcher" value="SUN_STANDARD"/>
    <property name="user.country" value="US"/>
    <property name="sun.boot.library.path" value="/usr/lib/jvm/java-21-openjdk-amd64/lib"/>
    <property name="sun.java.command" value="/home/karatziask/code/semester_5/distributed_systems/project1/DS-Project/target/surefire/surefirebooter-20250217152031376_3.jar /home/karatziask/code/semester_5/distributed_systems/project1/DS-Project/target/surefire 2025-02-17T15-20-31_239-jvmRun1 surefire-20250217152031376_1tmp surefire_0-20250217152031376_2tmp"/>
    <property name="jdk.debug" value="release"/>
    <property name="surefire.test.class.path" value="/home/karatziask/code/semester_5/distributed_systems/project1/DS-Project/target/test-classes:/home/karatziask/code/semester_5/distributed_systems/project1/DS-Project/target/classes:/home/karatziask/.m2/repository/org/springframework/boot/spring-boot-starter-thymeleaf/3.3.7/spring-boot-starter-thymeleaf-3.3.7.jar:/home/karatziask/.m2/repository/org/springframework/boot/spring-boot-starter/3.3.7/spring-boot-starter-3.3.7.jar:/home/karatziask/.m2/repository/org/springframework/boot/spring-boot-starter-logging/3.3.7/spring-boot-starter-logging-3.3.7.jar:/home/karatziask/.m2/repository/ch/qos/logback/logback-classic/1.5.12/logback-classic-1.5.12.jar:/home/karatziask/.m2/repository/ch/qos/logback/logback-core/1.5.12/logback-core-1.5.12.jar:/home/karatziask/.m2/repository/org/apache/logging/log4j/log4j-to-slf4j/2.23.1/log4j-to-slf4j-2.23.1.jar:/home/karatziask/.m2/repository/org/apache/logging/log4j/log4j-api/2.23.1/log4j-api-2.23.1.jar:/home/karatziask/.m2/repository/org/slf4j/jul-to-slf4j/2.0.16/jul-to-slf4j-2.0.16.jar:/home/karatziask/.m2/repository/jakarta/annotation/jakarta.annotation-api/2.1.1/jakarta.annotation-api-2.1.1.jar:/home/karatziask/.m2/repository/org/yaml/snakeyaml/2.2/snakeyaml-2.2.jar:/home/karatziask/.m2/repository/org/thymeleaf/thymeleaf-spring6/3.1.3.RELEASE/thymeleaf-spring6-3.1.3.RELEASE.jar:/home/karatziask/.m2/repository/org/springframework/boot/spring-boot-starter-web/3.3.7/spring-boot-starter-web-3.3.7.jar:/home/karatziask/.m2/repository/org/springframework/boot/spring-boot-starter-json/3.3.7/spring-boot-starter-json-3.3.7.jar:/home/karatziask/.m2/repository/com/fasterxml/jackson/core/jackson-databind/2.17.3/jackson-databind-2.17.3.jar:/home/karatziask/.m2/repository/com/fasterxml/jackson/core/jackson-annotations/2.17.3/jackson-annotations-2.17.3.jar:/home/karatziask/.m2/repository/com/fasterxml/jackson/core/jackson-core/2.17.3/jackson-core-2.17.3.jar:/home/karatziask/.m2/repository/com/fasterxml/jackson/datatype/jackson-datatype-jdk8/2.17.3/jackson-datatype-jdk8-2.17.3.jar:/home/karatziask/.m2/repository/com/fasterxml/jackson/datatype/jackson-datatype-jsr310/2.17.3/jackson-datatype-jsr310-2.17.3.jar:/home/karatziask/.m2/repository/com/fasterxml/jackson/module/jackson-module-parameter-names/2.17.3/jackson-module-parameter-names-2.17.3.jar:/home/karatziask/.m2/repository/org/springframework/boot/spring-boot-starter-tomcat/3.3.7/spring-boot-starter-tomcat-3.3.7.jar:/home/karatziask/.m2/repository/org/apache/tomcat/embed/tomcat-embed-core/10.1.34/tomcat-embed-core-10.1.34.jar:/home/karatziask/.m2/repository/org/apache/tomcat/embed/tomcat-embed-websocket/10.1.34/tomcat-embed-websocket-10.1.34.jar:/home/karatziask/.m2/repository/org/springframework/spring-web/6.1.16/spring-web-6.1.16.jar:/home/karatziask/.m2/repository/org/springframework/spring-beans/6.1.16/spring-beans-6.1.16.jar:/home/karatziask/.m2/repository/io/micrometer/micrometer-observation/1.13.9/micrometer-observation-1.13.9.jar:/home/karatziask/.m2/repository/io/micrometer/micrometer-commons/1.13.9/micrometer-commons-1.13.9.jar:/home/karatziask/.m2/repository/org/springframework/spring-webmvc/6.1.16/spring-webmvc-6.1.16.jar:/home/karatziask/.m2/repository/org/springframework/spring-context/6.1.16/spring-context-6.1.16.jar:/home/karatziask/.m2/repository/org/springframework/spring-expression/6.1.16/spring-expression-6.1.16.jar:/home/karatziask/.m2/repository/org/springframework/boot/spring-boot-starter-security/3.3.7/spring-boot-starter-security-3.3.7.jar:/home/karatziask/.m2/repository/org/springframework/spring-aop/6.1.16/spring-aop-6.1.16.jar:/home/karatziask/.m2/repository/org/springframework/security/spring-security-config/6.3.6/spring-security-config-6.3.6.jar:/home/karatziask/.m2/repository/org/springframework/security/spring-security-core/6.3.6/spring-security-core-6.3.6.jar:/home/karatziask/.m2/repository/org/springframework/security/spring-security-crypto/6.3.6/spring-security-crypto-6.3.6.jar:/home/karatziask/.m2/repository/org/springframework/security/spring-security-web/6.3.6/spring-security-web-6.3.6.jar:/home/karatziask/.m2/repository/org/thymeleaf/extras/thymeleaf-extras-springsecurity6/3.1.3.RELEASE/thymeleaf-extras-springsecurity6-3.1.3.RELEASE.jar:/home/karatziask/.m2/repository/org/slf4j/slf4j-api/2.0.16/slf4j-api-2.0.16.jar:/home/karatziask/.m2/repository/org/springframework/boot/spring-boot-starter-validation/3.3.7/spring-boot-starter-validation-3.3.7.jar:/home/karatziask/.m2/repository/org/apache/tomcat/embed/tomcat-embed-el/10.1.34/tomcat-embed-el-10.1.34.jar:/home/karatziask/.m2/repository/org/hibernate/validator/hibernate-validator/8.0.2.Final/hibernate-validator-8.0.2.Final.jar:/home/karatziask/.m2/repository/jakarta/validation/jakarta.validation-api/3.0.2/jakarta.validation-api-3.0.2.jar:/home/karatziask/.m2/repository/org/jboss/logging/jboss-logging/3.5.3.Final/jboss-logging-3.5.3.Final.jar:/home/karatziask/.m2/repository/com/fasterxml/classmate/1.7.0/classmate-1.7.0.jar:/home/karatziask/.m2/repository/org/springframework/boot/spring-boot-devtools/3.3.7/spring-boot-devtools-3.3.7.jar:/home/karatziask/.m2/repository/org/springframework/boot/spring-boot/3.3.7/spring-boot-3.3.7.jar:/home/karatziask/.m2/repository/org/springframework/boot/spring-boot-autoconfigure/3.3.7/spring-boot-autoconfigure-3.3.7.jar:/home/karatziask/.m2/repository/org/springframework/boot/spring-boot-starter-test/3.3.7/spring-boot-starter-test-3.3.7.jar:/home/karatziask/.m2/repository/org/springframework/boot/spring-boot-test/3.3.7/spring-boot-test-3.3.7.jar:/home/karatziask/.m2/repository/org/springframework/boot/spring-boot-test-autoconfigure/3.3.7/spring-boot-test-autoconfigure-3.3.7.jar:/home/karatziask/.m2/repository/com/jayway/jsonpath/json-path/2.9.0/json-path-2.9.0.jar:/home/karatziask/.m2/repository/jakarta/xml/bind/jakarta.xml.bind-api/4.0.2/jakarta.xml.bind-api-4.0.2.jar:/home/karatziask/.m2/repository/jakarta/activation/jakarta.activation-api/2.1.3/jakarta.activation-api-2.1.3.jar:/home/karatziask/.m2/repository/net/minidev/json-smart/2.5.1/json-smart-2.5.1.jar:/home/karatziask/.m2/repository/net/minidev/accessors-smart/2.5.1/accessors-smart-2.5.1.jar:/home/karatziask/.m2/repository/org/ow2/asm/asm/9.6/asm-9.6.jar:/home/karatziask/.m2/repository/org/assertj/assertj-core/3.25.3/assertj-core-3.25.3.jar:/home/karatziask/.m2/repository/net/bytebuddy/byte-buddy/1.14.19/byte-buddy-1.14.19.jar:/home/karatziask/.m2/repository/org/awaitility/awaitility/4.2.2/awaitility-4.2.2.jar:/home/karatziask/.m2/repository/org/hamcrest/hamcrest/2.2/hamcrest-2.2.jar:/home/karatziask/.m2/repository/org/junit/jupiter/junit-jupiter/5.10.5/junit-jupiter-5.10.5.jar:/home/karatziask/.m2/repository/org/junit/jupiter/junit-jupiter-api/5.10.5/junit-jupiter-api-5.10.5.jar:/home/karatziask/.m2/repository/org/opentest4j/opentest4j/1.3.0/opentest4j-1.3.0.jar:/home/karatziask/.m2/repository/org/junit/platform/junit-platform-commons/1.10.5/junit-platform-commons-1.10.5.jar:/home/karatziask/.m2/repository/org/apiguardian/apiguardian-api/1.1.2/apiguardian-api-1.1.2.jar:/home/karatziask/.m2/repository/org/junit/jupiter/junit-jupiter-params/5.10.5/junit-jupiter-params-5.10.5.jar:/home/karatziask/.m2/repository/org/junit/jupiter/junit-jupiter-engine/5.10.5/junit-jupiter-engine-5.10.5.jar:/home/karatziask/.m2/repository/org/junit/platform/junit-platform-engine/1.10.5/junit-platform-engine-1.10.5.jar:/home/karatziask/.m2/repository/org/mockito/mockito-core/5.11.0/mockito-core-5.11.0.jar:/home/karatziask/.m2/repository/net/bytebuddy/byte-buddy-agent/1.14.19/byte-buddy-agent-1.14.19.jar:/home/karatziask/.m2/repository/org/objenesis/objenesis/3.3/objenesis-3.3.jar:/home/karatziask/.m2/repository/org/mockito/mockito-junit-jupiter/5.11.0/mockito-junit-jupiter-5.11.0.jar:/home/karatziask/.m2/repository/org/skyscreamer/jsonassert/1.5.3/jsonassert-1.5.3.jar:/home/karatziask/.m2/repository/com/vaadin/external/google/android-json/0.0.20131108.vaadin1/android-json-0.0.20131108.vaadin1.jar:/home/karatziask/.m2/repository/org/springframework/spring-core/6.1.16/spring-core-6.1.16.jar:/home/karatziask/.m2/repository/org/springframework/spring-jcl/6.1.16/spring-jcl-6.1.16.jar:/home/karatziask/.m2/repository/org/springframework/spring-test/6.1.16/spring-test-6.1.16.jar:/home/karatziask/.m2/repository/org/xmlunit/xmlunit-core/2.9.1/xmlunit-core-2.9.1.jar:/home/karatziask/.m2/repository/org/springframework/boot/spring-boot-starter-data-jpa/3.3.7/spring-boot-starter-data-jpa-3.3.7.jar:/home/karatziask/.m2/repository/org/springframework/boot/spring-boot-starter-aop/3.3.7/spring-boot-starter-aop-3.3.7.jar:/home/karatziask/.m2/repository/org/aspectj/aspectjweaver/1.9.22.1/aspectjweaver-1.9.22.1.jar:/home/karatziask/.m2/repository/org/springframework/boot/spring-boot-starter-jdbc/3.3.7/spring-boot-starter-jdbc-3.3.7.jar:/home/karatziask/.m2/repository/com/zaxxer/HikariCP/5.1.0/HikariCP-5.1.0.jar:/home/karatziask/.m2/repository/org/springframework/spring-jdbc/6.1.16/spring-jdbc-6.1.16.jar:/home/karatziask/.m2/repository/org/hibernate/orm/hibernate-core/6.5.3.Final/hibernate-core-6.5.3.Final.jar:/home/karatziask/.m2/repository/jakarta/persistence/jakarta.persistence-api/3.1.0/jakarta.persistence-api-3.1.0.jar:/home/karatziask/.m2/repository/jakarta/transaction/jakarta.transaction-api/2.0.1/jakarta.transaction-api-2.0.1.jar:/home/karatziask/.m2/repository/org/hibernate/common/hibernate-commons-annotations/6.0.6.Final/hibernate-commons-annotations-6.0.6.Final.jar:/home/karatziask/.m2/repository/io/smallrye/jandex/3.1.2/jandex-3.1.2.jar:/home/karatziask/.m2/repository/org/glassfish/jaxb/jaxb-runtime/4.0.5/jaxb-runtime-4.0.5.jar:/home/karatziask/.m2/repository/org/glassfish/jaxb/jaxb-core/4.0.5/jaxb-core-4.0.5.jar:/home/karatziask/.m2/repository/org/eclipse/angus/angus-activation/2.0.2/angus-activation-2.0.2.jar:/home/karatziask/.m2/repository/org/glassfish/jaxb/txw2/4.0.5/txw2-4.0.5.jar:/home/karatziask/.m2/repository/com/sun/istack/istack-commons-runtime/4.1.2/istack-commons-runtime-4.1.2.jar:/home/karatziask/.m2/repository/jakarta/inject/jakarta.inject-api/2.0.1/jakarta.inject-api-2.0.1.jar:/home/karatziask/.m2/repository/org/antlr/antlr4-runtime/4.13.0/antlr4-runtime-4.13.0.jar:/home/karatziask/.m2/repository/org/springframework/data/spring-data-jpa/3.3.7/spring-data-jpa-3.3.7.jar:/home/karatziask/.m2/repository/org/springframework/data/spring-data-commons/3.3.7/spring-data-commons-3.3.7.jar:/home/karatziask/.m2/repository/org/springframework/spring-orm/6.1.16/spring-orm-6.1.16.jar:/home/karatziask/.m2/repository/org/springframework/spring-tx/6.1.16/spring-tx-6.1.16.jar:/home/karatziask/.m2/repository/org/springframework/spring-aspects/6.1.16/spring-aspects-6.1.16.jar:/home/karatziask/.m2/repository/org/postgresql/postgresql/42.7.4/postgresql-42.7.4.jar:/home/karatziask/.m2/repository/org/checkerframework/checker-qual/3.42.0/checker-qual-3.42.0.jar:/home/karatziask/.m2/repository/nz/net/ultraq/thymeleaf/thymeleaf-layout-dialect/3.3.0/thymeleaf-layout-dialect-3.3.0.jar:/home/karatziask/.m2/repository/org/apache/groovy/groovy/4.0.24/groovy-4.0.24.jar:/home/karatziask/.m2/repository/nz/net/ultraq/groovy/groovy-extensions/2.1.0/groovy-extensions-2.1.0.jar:/home/karatziask/.m2/repository/nz/net/ultraq/thymeleaf/thymeleaf-expression-processor/3.2.0/thymeleaf-expression-processor-3.2.0.jar:/home/karatziask/.m2/repository/org/thymeleaf/thymeleaf/3.1.3.RELEASE/thymeleaf-3.1.3.RELEASE.jar:/home/karatziask/.m2/repository/ognl/ognl/3.3.4/ognl-3.3.4.jar:/home/karatziask/.m2/repository/org/javassist/javassist/3.29.0-GA/javassist-3.29.0-GA.jar:/home/karatziask/.m2/repository/org/attoparser/attoparser/2.0.7.RELEASE/attoparser-2.0.7.RELEASE.jar:/home/karatziask/.m2/repository/org/unbescape/unbescape/1.1.6.RELEASE/unbescape-1.1.6.RELEASE.jar:"/>
    <property name="sun.cpu.endian" value="little"/>
    <property name="user.home" value="/home/karatziask"/>
    <property name="user.language" value="en"/>
    <property name="java.specification.vendor" value="Oracle Corporation"/>
    <property name="java.version.date" value="2025-01-21"/>
    <property name="java.home" value="/usr/lib/jvm/java-21-openjdk-amd64"/>
    <property name="file.separator" value="/"/>
    <property name="basedir" value="/home/karatziask/code/semester_5/distributed_systems/project1/DS-Project"/>
    <property name="java.vm.compressedOopsMode" value="32-bit"/>
    <property name="line.separator" value="&#10;"/>
    <property name="java.vm.specification.vendor" value="Oracle Corporation"/>
    <property name="java.specification.name" value="Java Platform API Specification"/>
    <property name="FILE_LOG_CHARSET" value="UTF-8"/>
    <property name="java.awt.headless" value="true"/>
    <property name="surefire.real.class.path" value="/home/karatziask/code/semester_5/distributed_systems/project1/DS-Project/target/surefire/surefirebooter-20250217152031376_3.jar"/>
    <property name="sun.management.compiler" value="HotSpot 64-Bit Tiered Compilers"/>
    <property name="java.runtime.version" value="21.0.6+7-Ubuntu-124.04.1"/>
    <property name="user.name" value="karatziask"/>
    <property name="stdout.encoding" value="UTF-8"/>
    <property name="path.separator" value=":"/>
    <property name="os.version" value="6.8.0-52-generic"/>
    <property name="java.runtime.name" value="OpenJDK Runtime Environment"/>
    <property name="file.encoding" value="UTF-8"/>
    <property name="java.vm.name" value="OpenJDK 64-Bit Server VM"/>
    <property name="localRepository" value="/home/karatziask/.m2/repository"/>
    <property name="java.vendor.url.bug" value="https://bugs.launchpad.net/ubuntu/+source/openjdk-21"/>
    <property name="java.io.tmpdir" value="/tmp"/>
    <property name="com.zaxxer.hikari.pool_number" value="1"/>
    <property name="java.version" value="21.0.6"/>
    <property name="user.dir" value="/home/karatziask/code/semester_5/distributed_systems/project1/DS-Project"/>
    <property name="os.arch" value="amd64"/>
    <property name="java.vm.specification.name" value="Java Virtual Machine Specification"/>
    <property name="PID" value="41629"/>
    <property name="CONSOLE_LOG_CHARSET" value="UTF-8"/>
    <property name="native.encoding" value="UTF-8"/>
    <property name="java.library.path" value="/usr/java/packages/lib:/usr/lib/x86_64-linux-gnu/jni:/lib/x86_64-linux-gnu:/usr/lib/x86_64-linux-gnu:/usr/lib/jni:/lib:/usr/lib"/>
    <property name="java.vm.info" value="mixed mode, sharing"/>
    <property name="stderr.encoding" value="UTF-8"/>
    <property name="java.vendor" value="Ubuntu"/>
    <property name="java.vm.version" value="21.0.6+7-Ubuntu-124.04.1"/>
    <property name="sun.io.unicode.encoding" value="UnicodeLittle"/>
    <property name="java.class.version" value="65.0"/>
    <property name="LOGGED_APPLICATION_NAME" value="[dsproject] "/>
  </properties>
  <testcase name="contextLoads" classname="gr.hua.dit.ds.dsproject.DsprojectApplicationTests" time="0.564">
    <system-out><![CDATA[15:20:32.441 [main] INFO org.springframework.test.context.support.AnnotationConfigContextLoaderUtils -- Could not detect default configuration classes for test class [gr.hua.dit.ds.dsproject.DsprojectApplicationTests]: DsprojectApplicationTests does not declare any static, non-private, non-final, nested classes annotated with @Configuration.
15:20:32.558 [main] INFO org.springframework.boot.test.context.SpringBootTestContextBootstrapper -- Found @SpringBootConfiguration gr.hua.dit.ds.dsproject.DsprojectApplication for test class gr.hua.dit.ds.dsproject.DsprojectApplicationTests
15:20:32.732 [main] INFO org.springframework.boot.devtools.restart.RestartApplicationListener -- Restart disabled due to context in which it is running

  .   ____          _            __ _ _
 /\\ / ___'_ __ _ _(_)_ __  __ _ \ \ \ \
( ( )\___ | '_ | '_| | '_ \/ _` | \ \ \ \
 \\/  ___)| |_)| | | | | || (_| |  ) ) ) )
  '  |____| .__|_| |_|_| |_\__, | / / / /
 =========|_|==============|___/=/_/_/_/

 :: Spring Boot ::                (v3.3.7)

2025-02-17T15:20:33.086+02:00  INFO 41629 --- [dsproject] [           main] g.h.d.d.d.DsprojectApplicationTests      : Starting DsprojectApplicationTests using Java 21.0.6 with PID 41629 (started by karatziask in /home/karatziask/code/semester_5/distributed_systems/project1/DS-Project)
2025-02-17T15:20:33.088+02:00  INFO 41629 --- [dsproject] [           main] g.h.d.d.d.DsprojectApplicationTests      : No active profile set, falling back to 1 default profile: "default"
2025-02-17T15:20:34.208+02:00  INFO 41629 --- [dsproject] [           main] .s.d.r.c.RepositoryConfigurationDelegate : Bootstrapping Spring Data JPA repositories in DEFAULT mode.
2025-02-17T15:20:34.311+02:00  INFO 41629 --- [dsproject] [           main] .s.d.r.c.RepositoryConfigurationDelegate : Finished Spring Data repository scanning in 78 ms. Found 7 JPA repository interfaces.
2025-02-17T15:20:35.096+02:00  INFO 41629 --- [dsproject] [           main] o.hibernate.jpa.internal.util.LogHelper  : HHH000204: Processing PersistenceUnitInfo [name: default]
2025-02-17T15:20:35.176+02:00  INFO 41629 --- [dsproject] [           main] org.hibernate.Version                    : HHH000412: Hibernate ORM core version 6.5.3.Final
2025-02-17T15:20:35.222+02:00  INFO 41629 --- [dsproject] [           main] o.h.c.internal.RegionFactoryInitiator    : HHH000026: Second-level cache disabled
2025-02-17T15:20:35.607+02:00  INFO 41629 --- [dsproject] [           main] o.s.o.j.p.SpringPersistenceUnitInfo      : No LoadTimeWeaver setup: ignoring JPA class transformer
2025-02-17T15:20:35.643+02:00  INFO 41629 --- [dsproject] [           main] com.zaxxer.hikari.HikariDataSource       : HikariPool-1 - Starting...
2025-02-17T15:20:38.769+02:00  INFO 41629 --- [dsproject] [           main] com.zaxxer.hikari.pool.HikariPool        : HikariPool-1 - Added connection org.postgresql.jdbc.PgConnection@25e95af1
2025-02-17T15:20:38.775+02:00  INFO 41629 --- [dsproject] [           main] com.zaxxer.hikari.HikariDataSource       : HikariPool-1 - Start completed.
2025-02-17T15:20:38.905+02:00  WARN 41629 --- [dsproject] [           main] org.hibernate.orm.deprecation            : HHH90000025: PostgreSQLDialect does not need to be specified explicitly using 'hibernate.dialect' (remove the property setting and it will be selected by default)
2025-02-17T15:20:40.498+02:00  INFO 41629 --- [dsproject] [           main] o.h.e.t.j.p.i.JtaPlatformInitiator       : HHH000489: No JTA platform available (set 'hibernate.transaction.jta.platform' to enable JTA platform integration)
2025-02-17T15:20:43.196+02:00  INFO 41629 --- [dsproject] [           main] j.LocalContainerEntityManagerFactoryBean : Initialized JPA EntityManagerFactory for persistence unit 'default'
Hibernate: 
    select
        r1_0.id,
        r1_0.name 
    from
        roles r1_0 
    where
        r1_0.name=?
Hibernate: 
    select
        r1_0.id,
        r1_0.name 
    from
        roles r1_0 
    where
        r1_0.name=?
Hibernate: 
    select
        r1_0.id,
        r1_0.name 
    from
        roles r1_0 
    where
        r1_0.name=?
Hibernate: 
    select
        u1_0.id,
        u1_0.email,
        u1_0.password,
        u1_0.username 
    from
        users u1_0 
    where
        u1_0.username=?
Hibernate: 
    select
        c1_0.id,
        c1_0.first_name,
        c1_0.last_name,
        c1_0.phone,
        u1_0.id,
        u1_0.email,
        f1_0.id,
        f1_0.first_name,
        f1_0.last_name,
        f1_0.phone,
        f1_0.skills,
        f1_0.verified,
        u1_0.password,
        u1_0.username 
    from
        client c1_0 
    left join
        users u1_0 
            on u1_0.id=c1_0.user_id 
    left join
        freelancer f1_0 
            on u1_0.id=f1_0.user_id 
    where
        c1_0.user_id=?
Hibernate: 
    select
        f1_0.id,
        f1_0.first_name,
        f1_0.last_name,
        f1_0.phone,
        f1_0.skills,
        u1_0.id,
        c1_0.id,
        c1_0.first_name,
        c1_0.last_name,
        c1_0.phone,
        u1_0.email,
        u1_0.password,
        u1_0.username,
        f1_0.verified 
    from
        freelancer f1_0 
    left join
        users u1_0 
            on u1_0.id=f1_0.user_id 
    left join
        client c1_0 
            on u1_0.id=c1_0.user_id 
    where
        f1_0.user_id=?
2025-02-17T15:20:44.678+02:00  WARN 41629 --- [dsproject] [           main] JpaBaseConfiguration$JpaWebConfiguration : spring.jpa.open-in-view is enabled by default. Therefore, database queries may be performed during view rendering. Explicitly configure spring.jpa.open-in-view to disable this warning
2025-02-17T15:20:44.711+02:00  INFO 41629 --- [dsproject] [           main] r$InitializeUserDetailsManagerConfigurer : Global AuthenticationManager configured with UserDetailsService bean with name userService
2025-02-17T15:20:44.799+02:00  INFO 41629 --- [dsproject] [           main] o.s.b.a.w.s.WelcomePageHandlerMapping    : Adding welcome page template: index
2025-02-17T15:20:45.762+02:00  INFO 41629 --- [dsproject] [           main] g.h.d.d.d.DsprojectApplicationTests      : Started DsprojectApplicationTests in 13.045 seconds (process running for 14.281)
]]></system-out>
    <system-err><![CDATA[WARNING: A Java agent has been loaded dynamically (/home/karatziask/.m2/repository/net/bytebuddy/byte-buddy-agent/1.14.19/byte-buddy-agent-1.14.19.jar)
WARNING: If a serviceability tool is in use, please run with -XX:+EnableDynamicAgentLoading to hide this warning
WARNING: If a serviceability tool is not in use, please run with -Djdk.instrument.traceUsage for more information
WARNING: Dynamic loading of agents will be disallowed by default in a future release
]]></system-err>
  </testcase>
</testsuite>